2026-01-06 19:10:47,235 - Bitcoin - INFO - Node=0 - Wallet Created : Wallet( Id = 0 , PubKeyHash = fc5694449672d3504510d6c7ed096b764e2c2709a27f7f859d742f49bfafbd51)
2026-01-06 19:10:47,665 - Bitcoin - INFO - Node=0 - Wallet Created : Wallet( Id = 1 , PubKeyHash = 0e57ded9938a3d1dbf13cdf26f8eac8387c48de54a22712a510397c170c500a2)
2026-01-06 19:10:47,779 - Bitcoin - INFO - Node=0 - Wallet Created : Wallet( Id = 2 , PubKeyHash = 72529dd7c31764802201bc2554941dfdbcfd332109ae66965be0d25446332d83)
2026-01-06 19:10:48,009 - Bitcoin - INFO - Node=0 - Wallet Created : Wallet( Id = 3 , PubKeyHash = 04ace925d83228809544571ce9229379f04fc2cbc7f19fa2eda0ccd694216b8d)
2026-01-06 19:10:48,093 - Bitcoin - INFO - Node=0 - Wallet Created : Wallet( Id = 4 , PubKeyHash = 34a49697538a6029b0b539aa7c38a4f96db5ba86bf762eec2d270612de7ae29a)
2026-01-06 19:10:48,334 - Bitcoin - INFO - Node=0 - Wallet Created : Wallet( Id = 0 , PubKeyHash = 46464022112f4105ac451aca5e11fb64e5bb6b43e275bb47b157d709f6ecbfc2)
2026-01-06 19:10:48,425 - Bitcoin - INFO - Node=0 - Wallet Created : Wallet( Id = 1 , PubKeyHash = 411173886fe216b798cb2b5766d4f3f9efa1a6adcf6c384fe3d49005f26dc8b7)
2026-01-06 19:10:48,683 - Bitcoin - INFO - Node=0 - Wallet Created : Wallet( Id = 2 , PubKeyHash = 5e2a083b52b343980ee1560f8007f026528f9e53f38872171ac0ff1b6134be1f)
2026-01-06 19:10:49,006 - Bitcoin - INFO - Node=0 - Wallet Created : Wallet( Id = 3 , PubKeyHash = 2d5c793e45380552fdbf652afd12429ad9869c5abb4697e4ae37344ac0048576)
2026-01-06 19:10:49,465 - Bitcoin - INFO - Node=0 - Wallet Created : Wallet( Id = 4 , PubKeyHash = ab4cb872380085a9b2f4d670dfb3d6c07db077c9c6733d681df2979fbe1f7b54)
2026-01-06 19:10:49,536 - Bitcoin - INFO - Node=0 - Wallet Created : Wallet( Id = 0 , PubKeyHash = 7639052679aee901a5d03bcec79fad24d1efdb8f131ff692c75f3e651e9ac343)
2026-01-06 19:10:49,673 - Bitcoin - INFO - Node=0 - Wallet Created : Wallet( Id = 1 , PubKeyHash = dcc0b50d60f8009a1fd9d45b03dd766054f102a4da23c140f3d27e5b9572bca0)
2026-01-06 19:10:49,843 - Bitcoin - INFO - Node=0 - Wallet Created : Wallet( Id = 2 , PubKeyHash = 892e8885c5b8bb1897e9dc9f7b6f4d826541da3e8bffe2dd96d863e536c86159)
2026-01-06 19:10:49,914 - Bitcoin - INFO - Node=0 - Wallet Created : Wallet( Id = 3 , PubKeyHash = 4b9a6caa7015cfd4c2c3c7c8980f7dd4c13731298133f7371a8758d1de60868f)
2026-01-06 19:10:49,990 - Bitcoin - INFO - Node=0 - Wallet Created : Wallet( Id = 4 , PubKeyHash = 83e5dbdbbb5e9c6adcfc1907f4a7899ea26ec62323d40db0fd8735a7dfac4b3f)
2026-01-06 19:10:50,249 - Bitcoin - INFO - Node=0 - Wallet Created : Wallet( Id = 0 , PubKeyHash = 783984d3faa6489184bc09f090dc3755efb0a4e2c8d9626da0e361e8f12d20ae)
2026-01-06 19:10:50,480 - Bitcoin - INFO - Node=0 - Wallet Created : Wallet( Id = 1 , PubKeyHash = 0d8e5e7e7495f6265d85877028720955080c291c6272770796a0356b75b49201)
2026-01-06 19:10:50,650 - Bitcoin - INFO - Node=0 - Wallet Created : Wallet( Id = 2 , PubKeyHash = e94b398cf5c572784cf85ca93d23746aa19bbe22c5e657d629bf43ce9fc1c9c9)
2026-01-06 19:10:50,738 - Bitcoin - INFO - Node=0 - Wallet Created : Wallet( Id = 3 , PubKeyHash = c2acfa11cee24b857d6029eb2692ee36b76f0729e9b9ab93da932531989bb358)
2026-01-06 19:10:50,823 - Bitcoin - INFO - Node=0 - Wallet Created : Wallet( Id = 4 , PubKeyHash = a22a47e4056531692d7a31ff67b176f248b2af8ebfe1e874403d24017c569765)
2026-01-06 19:10:51,121 - Bitcoin - INFO - Node=0 - Wallet Created : Wallet( Id = 0 , PubKeyHash = 1f634af1281934c8cd05a7e11ef2115ceedddf5f004e1d9ea62933d7252f387d)
2026-01-06 19:10:51,324 - Bitcoin - INFO - Node=0 - Wallet Created : Wallet( Id = 1 , PubKeyHash = 41282cf430ea48a4c21807e6d69ac6be9ed67823a60b56f0cd90e1d8c67a54db)
2026-01-06 19:10:51,441 - Bitcoin - INFO - Node=0 - Wallet Created : Wallet( Id = 2 , PubKeyHash = c76d9ff4ce4ccdaa8c1c639ac037d2a063645394eab9bf9d7b909e2dc6876a41)
2026-01-06 19:10:51,622 - Bitcoin - INFO - Node=0 - Wallet Created : Wallet( Id = 3 , PubKeyHash = 540618acbf05fd594302c417dbfb6488bdbc87303d237a946a19f9893251989e)
2026-01-06 19:10:51,837 - Bitcoin - INFO - Node=0 - Wallet Created : Wallet( Id = 4 , PubKeyHash = e1e13d6f2116ca8b746e50d28c9c63e138ed451bd90a10be71905b1fe99dad57)
2026-01-06 19:10:51,837 - Bitcoin - INFO - Node=0 - Get random wallet called : random wallet selected 3 . 3
2026-01-06 19:10:51,837 - Bitcoin - INFO - Node=0 - Transaction creation instantiated 
2026-01-06 19:10:51,837 - Bitcoin - INFO - Node=0 - Output Entry added to Transaction : OutputEntry( Amt = 1000, ReceiverHashes = ReceiverHashes(lockedTxnHash = c2acfa11cee24b857d6029eb2692ee36b76f0729e9b9ab93da932531989bb358 , Receiver Pub Key Hash = c2acfa11cee24b857d6029eb2692ee36b76f0729e9b9ab93da932531989bb358) )
2026-01-06 19:10:51,837 - Bitcoin - INFO - Node=0 - Genesis Transaction Created : <NodeRun.TransactionHandling.Transaction.Transaction object at 0x1101232e0>
2026-01-06 19:10:51,837 - Bitcoin - INFO - Node=0 - Get random wallet called : random wallet selected 0 . 3
2026-01-06 19:10:51,837 - Bitcoin - INFO - Node=0 - Transaction creation instantiated 
2026-01-06 19:10:51,837 - Bitcoin - INFO - Node=0 - Output Entry added to Transaction : OutputEntry( Amt = 1000, ReceiverHashes = ReceiverHashes(lockedTxnHash = 04ace925d83228809544571ce9229379f04fc2cbc7f19fa2eda0ccd694216b8d , Receiver Pub Key Hash = 04ace925d83228809544571ce9229379f04fc2cbc7f19fa2eda0ccd694216b8d) )
2026-01-06 19:10:51,837 - Bitcoin - INFO - Node=0 - Genesis Transaction Created : <NodeRun.TransactionHandling.Transaction.Transaction object at 0x110123310>
2026-01-06 19:10:51,837 - Bitcoin - INFO - Node=0 - Get random wallet called : random wallet selected 2 . 1
2026-01-06 19:10:51,837 - Bitcoin - INFO - Node=0 - Transaction creation instantiated 
2026-01-06 19:10:51,837 - Bitcoin - INFO - Node=0 - Output Entry added to Transaction : OutputEntry( Amt = 1000, ReceiverHashes = ReceiverHashes(lockedTxnHash = dcc0b50d60f8009a1fd9d45b03dd766054f102a4da23c140f3d27e5b9572bca0 , Receiver Pub Key Hash = dcc0b50d60f8009a1fd9d45b03dd766054f102a4da23c140f3d27e5b9572bca0) )
2026-01-06 19:10:51,837 - Bitcoin - INFO - Node=0 - Genesis Transaction Created : <NodeRun.TransactionHandling.Transaction.Transaction object at 0x110123730>
2026-01-06 19:10:51,837 - Bitcoin - INFO - Node=0 - Get random wallet called : random wallet selected 3 . 2
2026-01-06 19:10:51,837 - Bitcoin - INFO - Node=0 - Transaction creation instantiated 
2026-01-06 19:10:51,837 - Bitcoin - INFO - Node=0 - Output Entry added to Transaction : OutputEntry( Amt = 1000, ReceiverHashes = ReceiverHashes(lockedTxnHash = e94b398cf5c572784cf85ca93d23746aa19bbe22c5e657d629bf43ce9fc1c9c9 , Receiver Pub Key Hash = e94b398cf5c572784cf85ca93d23746aa19bbe22c5e657d629bf43ce9fc1c9c9) )
2026-01-06 19:10:51,837 - Bitcoin - INFO - Node=0 - Genesis Transaction Created : <NodeRun.TransactionHandling.Transaction.Transaction object at 0x1101235e0>
2026-01-06 19:10:51,837 - Bitcoin - INFO - Node=0 - Get random wallet called : random wallet selected 4 . 3
2026-01-06 19:10:51,837 - Bitcoin - INFO - Node=0 - Transaction creation instantiated 
2026-01-06 19:10:51,837 - Bitcoin - INFO - Node=0 - Output Entry added to Transaction : OutputEntry( Amt = 1000, ReceiverHashes = ReceiverHashes(lockedTxnHash = 540618acbf05fd594302c417dbfb6488bdbc87303d237a946a19f9893251989e , Receiver Pub Key Hash = 540618acbf05fd594302c417dbfb6488bdbc87303d237a946a19f9893251989e) )
2026-01-06 19:10:51,837 - Bitcoin - INFO - Node=0 - Genesis Transaction Created : <NodeRun.TransactionHandling.Transaction.Transaction object at 0x110123970>
2026-01-06 19:10:51,837 - Bitcoin - INFO - Node=0 - Block processing completed: Transactions have been added to local UTXO
2026-01-06 19:10:51,837 - Bitcoin - INFO - Node=0 - Block processing completed: Transactions have been added to local UTXO
2026-01-06 19:10:51,837 - Bitcoin - INFO - Node=0 - Block processing completed: Transactions have been added to local UTXO
2026-01-06 19:10:51,837 - Bitcoin - INFO - Node=0 - Block processing completed: Transactions have been added to local UTXO
2026-01-06 19:10:51,837 - Bitcoin - INFO - Node=0 - Block processing completed: Transactions have been added to local UTXO
2026-01-06 19:10:51,837 - Bitcoin - INFO - Node=0 - Genesis block creation completed
2026-01-06 19:10:51,838 - Bitcoin - INFO - Node=0 - ********After Creating Genesis Block Initial State of the Nodes*********
2026-01-06 19:10:51,838 - Bitcoin - INFO - Node=0 - printUTXO: Printing the local UTXO state, this is basically
2026-01-06 19:10:51,839 - Bitcoin - INFO - Node=0 - 
+---------+----------+----------+----------+----------+----------+
| Node ID | Wallet 0 | Wallet 1 | Wallet 2 | Wallet 3 | Wallet 4 |
+---------+----------+----------+----------+----------+----------+
|    0    |    0     |    0     |    0     |   1000   |    0     |
|    1    |    0     |    0     |    0     |    0     |    0     |
|    2    |    0     |   1000   |    0     |    0     |    0     |
|    3    |    0     |    0     |   1000   |   1000   |    0     |
|    4    |    0     |    0     |    0     |   1000   |    0     |
+---------+----------+----------+----------+----------+----------+
2026-01-06 19:10:51,841 - Bitcoin - INFO - Node=0 - Starting the thread
2026-01-06 19:10:51,841 - Bitcoin - INFO - Node=0 - Starting another iteration of while loop
2026-01-06 19:10:51,841 - Bitcoin - INFO - Node=0 - Starting Transaction Creator , dotxn number = 0.6606475891279544 Node.txnFlag True Node.txnNodes : []
2026-01-06 19:10:51,841 - Bitcoin - INFO - Node=1 - Starting the thread
2026-01-06 19:10:51,841 - Bitcoin - INFO - Node=1 - Starting another iteration of while loop
2026-01-06 19:10:51,841 - Bitcoin - INFO - Node=1 - Starting Transaction Creator , dotxn number = 0.8997167924038207 Node.txnFlag True Node.txnNodes : []
2026-01-06 19:10:51,841 - Bitcoin - INFO - Node=2 - Starting the thread
2026-01-06 19:10:51,841 - Bitcoin - INFO - Node=2 - Starting another iteration of while loop
2026-01-06 19:10:51,841 - Bitcoin - INFO - Node=2 - Starting Transaction Creator , dotxn number = 0.5087135871439583 Node.txnFlag True Node.txnNodes : []
2026-01-06 19:10:51,841 - Bitcoin - INFO - Node=3 - Starting the thread
2026-01-06 19:10:51,841 - Bitcoin - INFO - Node=3 - Starting another iteration of while loop
2026-01-06 19:10:51,841 - Bitcoin - INFO - Node=3 - Starting Transaction Creator , dotxn number = 0.8561549640558632 Node.txnFlag True Node.txnNodes : []
2026-01-06 19:10:51,841 - Bitcoin - INFO - Node=4 - Starting the thread
2026-01-06 19:10:51,842 - Bitcoin - INFO - Node=4 - Starting another iteration of while loop
2026-01-06 19:10:51,842 - Bitcoin - INFO - Node=4 - Starting Transaction Creator , dotxn number = 0.023576880682186552 Node.txnFlag True Node.txnNodes : []
2026-01-06 19:10:51,842 - Bitcoin - INFO - Node=4 - Inside the create random transaction block
2026-01-06 19:10:51,842 - Bitcoin - INFO - Node=4 - Checking the UTXO Entry UTXOEntry(TxnHash = 18e7840e43bc009f6fecb2b573a3b21c29e20d56c90f68bb18aba5fea3d414b8  Idx = 0)
2026-01-06 19:10:51,856 - Bitcoin - INFO - Node=4 - Sender Hashes and Previous Txn List processing over
2026-01-06 19:10:51,856 - Bitcoin - INFO - Node=4 - Get random wallet called : random wallet selected 1 . 0
2026-01-06 19:10:51,856 - Bitcoin - INFO - Node=4 - Line 372 , getRandomWalletPublicKeyHash()
2026-01-06 19:10:51,856 - Bitcoin - INFO - Node=4 - Receiver Node Selected 1 . 0
2026-01-06 19:10:51,856 - Bitcoin - INFO - Node=4 - Transaction creation instantiated 
2026-01-06 19:10:51,856 - Bitcoin - INFO - Node=4 - Input Entry Added : InputEntry( Txn = 18e7840e43bc009f6fecb2b573a3b21c29e20d56c90f68bb18aba5fea3d414b8, Index = 0)
2026-01-06 19:10:51,857 - Bitcoin - INFO - Node=4 - Validate Transaction, 1000
2026-01-06 19:10:51,857 - Bitcoin - INFO - Node=4 - Sender balance after validating the transaction1000
2026-01-06 19:10:51,857 - Bitcoin - INFO - Node=4 - Output Entry added to Transaction : OutputEntry( Amt = 83, ReceiverHashes = ReceiverHashes(lockedTxnHash = 46464022112f4105ac451aca5e11fb64e5bb6b43e275bb47b157d709f6ecbfc2 , Receiver Pub Key Hash = 46464022112f4105ac451aca5e11fb64e5bb6b43e275bb47b157d709f6ecbfc2) )
2026-01-06 19:10:51,857 - Bitcoin - INFO - Node=4 - Output Entry added to Transaction : OutputEntry( Amt = 917, ReceiverHashes = ReceiverHashes(lockedTxnHash = 540618acbf05fd594302c417dbfb6488bdbc87303d237a946a19f9893251989e , Receiver Pub Key Hash = 540618acbf05fd594302c417dbfb6488bdbc87303d237a946a19f9893251989e) )
2026-01-06 19:10:51,857 - Bitcoin - INFO - Node=4 - New Transaction Created <NodeRun.TransactionHandling.Transaction.Transaction object at 0x110123e50>
2026-01-06 19:10:51,857 - Bitcoin - INFO - Node=4 - processTransaction : Txn Validity Check True
2026-01-06 19:10:51,857 - Bitcoin - INFO - Node=4 - processTransaction : Txn Validity Check True
2026-01-06 19:10:51,857 - Bitcoin - INFO - Node=4 - processTransaction : Txn Validity Check True
2026-01-06 19:10:51,857 - Bitcoin - INFO - Node=4 - processTransaction : Txn Validity Check True
2026-01-06 19:10:51,857 - Bitcoin - INFO - Node=4 - processTransaction : Txn Validity Check True
2026-01-06 19:10:52,845 - Bitcoin - INFO - Node=1 - Starting another iteration of while loop
2026-01-06 19:10:52,845 - Bitcoin - INFO - Node=3 - Starting another iteration of while loop
2026-01-06 19:10:52,845 - Bitcoin - INFO - Node=1 - Starting Transaction Creator , dotxn number = 0.05096785935132386 Node.txnFlag True Node.txnNodes : [4]
2026-01-06 19:10:52,845 - Bitcoin - INFO - Node=3 - Starting Transaction Creator , dotxn number = 0.69467325033794 Node.txnFlag True Node.txnNodes : [4]
2026-01-06 19:10:52,845 - Bitcoin - INFO - Node=1 - Inside the create random transaction block
2026-01-06 19:10:52,845 - Bitcoin - INFO - Node=1 - Sender Hashes and Previous Txn List processing over
2026-01-06 19:10:52,845 - Bitcoin - INFO - Node=1 - Get random wallet called : random wallet selected 0 . 0
2026-01-06 19:10:52,845 - Bitcoin - INFO - Node=1 - Line 372 , getRandomWalletPublicKeyHash()
2026-01-06 19:10:52,846 - Bitcoin - INFO - Node=1 - Receiver Node Selected 0 . 0
2026-01-06 19:10:52,846 - Bitcoin - INFO - Node=1 - Transaction creation instantiated 
2026-01-06 19:10:52,846 - Bitcoin - INFO - Node=1 - Sender doesn't have enough balance , invalid transaction
2026-01-06 19:10:52,846 - Bitcoin - INFO - Node=1 - Validate Transaction, -1
2026-01-06 19:10:52,846 - Bitcoin - INFO - Node=1 - Sender balance after validating the transaction-1
2026-01-06 19:10:52,846 - Bitcoin - INFO - Node=1 - New Transaction Created <NodeRun.TransactionHandling.Transaction.Transaction object at 0x110143b20>
2026-01-06 19:10:52,846 - Bitcoin - INFO - Node=1 - processTransaction : Txn Validity Check False
2026-01-06 19:10:52,846 - Bitcoin - INFO - Node=1 - processTransaction : Txn Validity Check False
2026-01-06 19:10:52,846 - Bitcoin - INFO - Node=1 - processTransaction : Txn Validity Check False
2026-01-06 19:10:52,846 - Bitcoin - INFO - Node=1 - processTransaction : Txn Validity Check False
2026-01-06 19:10:52,846 - Bitcoin - INFO - Node=1 - processTransaction : Txn Validity Check False
2026-01-06 19:10:52,846 - Bitcoin - INFO - Node=2 - Starting another iteration of while loop
2026-01-06 19:10:52,846 - Bitcoin - INFO - Node=0 - Starting another iteration of while loop
2026-01-06 19:10:52,846 - Bitcoin - INFO - Node=2 - Starting Transaction Creator , dotxn number = 0.11599537698139073 Node.txnFlag True Node.txnNodes : [4]
2026-01-06 19:10:52,846 - Bitcoin - INFO - Node=0 - Starting Transaction Creator , dotxn number = 0.8026400658648977 Node.txnFlag True Node.txnNodes : [4]
2026-01-06 19:10:52,847 - Bitcoin - INFO - Node=2 - Inside the create random transaction block
2026-01-06 19:10:52,847 - Bitcoin - INFO - Node=2 - Checking the UTXO Entry UTXOEntry(TxnHash = ffc5d9e403c75560bf04a62fcbd8a0e8fe5897eba81e73c2ce3879fa8d14cd4e  Idx = 0)
2026-01-06 19:10:52,859 - Bitcoin - INFO - Node=4 - Starting another iteration of while loop
2026-01-06 19:10:52,859 - Bitcoin - INFO - Node=4 - Starting Transaction Creator , dotxn number = 0.22520412591852235 Node.txnFlag True Node.txnNodes : [4]
2026-01-06 19:10:52,882 - Bitcoin - INFO - Node=2 - Sender Hashes and Previous Txn List processing over
2026-01-06 19:10:52,882 - Bitcoin - INFO - Node=2 - Get random wallet called : random wallet selected 4 . 1
2026-01-06 19:10:52,882 - Bitcoin - INFO - Node=2 - Line 372 , getRandomWalletPublicKeyHash()
2026-01-06 19:10:52,882 - Bitcoin - INFO - Node=2 - Receiver Node Selected 4 . 1
2026-01-06 19:10:52,882 - Bitcoin - INFO - Node=2 - Transaction creation instantiated 
2026-01-06 19:10:52,882 - Bitcoin - INFO - Node=2 - Input Entry Added : InputEntry( Txn = ffc5d9e403c75560bf04a62fcbd8a0e8fe5897eba81e73c2ce3879fa8d14cd4e, Index = 0)
2026-01-06 19:10:52,883 - Bitcoin - INFO - Node=2 - Validate Transaction, 1000
2026-01-06 19:10:52,883 - Bitcoin - INFO - Node=2 - Sender balance after validating the transaction1000
2026-01-06 19:10:52,883 - Bitcoin - INFO - Node=2 - Output Entry added to Transaction : OutputEntry( Amt = 157, ReceiverHashes = ReceiverHashes(lockedTxnHash = 41282cf430ea48a4c21807e6d69ac6be9ed67823a60b56f0cd90e1d8c67a54db , Receiver Pub Key Hash = 41282cf430ea48a4c21807e6d69ac6be9ed67823a60b56f0cd90e1d8c67a54db) )
2026-01-06 19:10:52,883 - Bitcoin - INFO - Node=2 - Output Entry added to Transaction : OutputEntry( Amt = 843, ReceiverHashes = ReceiverHashes(lockedTxnHash = dcc0b50d60f8009a1fd9d45b03dd766054f102a4da23c140f3d27e5b9572bca0 , Receiver Pub Key Hash = dcc0b50d60f8009a1fd9d45b03dd766054f102a4da23c140f3d27e5b9572bca0) )
2026-01-06 19:10:52,883 - Bitcoin - INFO - Node=2 - New Transaction Created <NodeRun.TransactionHandling.Transaction.Transaction object at 0x1101435b0>
2026-01-06 19:10:52,883 - Bitcoin - INFO - Node=2 - processTransaction : Txn Validity Check True
2026-01-06 19:10:52,883 - Bitcoin - INFO - Node=2 - processTransaction : Txn Validity Check True
2026-01-06 19:10:52,883 - Bitcoin - INFO - Node=2 - processTransaction : Txn Validity Check True
2026-01-06 19:10:52,883 - Bitcoin - INFO - Node=2 - processTransaction : Txn Validity Check True
2026-01-06 19:10:52,883 - Bitcoin - INFO - Node=2 - processTransaction : Txn Validity Check True
2026-01-06 19:10:53,847 - Bitcoin - INFO - Node=1 - Starting another iteration of while loop
2026-01-06 19:10:53,847 - Bitcoin - INFO - Node=1 - Starting Transaction Creator , dotxn number = 0.9447610188082044 Node.txnFlag True Node.txnNodes : [4, 2]
2026-01-06 19:10:53,850 - Bitcoin - INFO - Node=3 - Starting another iteration of while loop
2026-01-06 19:10:53,850 - Bitcoin - INFO - Node=3 - Starting Transaction Creator , dotxn number = 0.8329497214606856 Node.txnFlag True Node.txnNodes : [4, 2]
2026-01-06 19:10:53,852 - Bitcoin - INFO - Node=0 - Starting another iteration of while loop
2026-01-06 19:10:53,852 - Bitcoin - INFO - Node=0 - Starting Transaction Creator , dotxn number = 0.28063227982359673 Node.txnFlag True Node.txnNodes : [4, 2]
2026-01-06 19:10:53,863 - Bitcoin - INFO - Node=4 - Starting another iteration of while loop
2026-01-06 19:10:53,863 - Bitcoin - INFO - Node=4 - Starting Transaction Creator , dotxn number = 0.64929504252512 Node.txnFlag True Node.txnNodes : [4, 2]
2026-01-06 19:10:53,887 - Bitcoin - INFO - Node=2 - Starting another iteration of while loop
2026-01-06 19:10:53,887 - Bitcoin - INFO - Node=2 - Starting Transaction Creator , dotxn number = 0.5337181475917497 Node.txnFlag True Node.txnNodes : [4, 2]
2026-01-06 19:10:54,852 - Bitcoin - INFO - Node=1 - Starting another iteration of while loop
2026-01-06 19:10:54,852 - Bitcoin - INFO - Node=3 - Starting another iteration of while loop
2026-01-06 19:10:54,852 - Bitcoin - INFO - Node=1 - Starting Transaction Creator , dotxn number = 0.666740132838333 Node.txnFlag True Node.txnNodes : [4, 2]
2026-01-06 19:10:54,852 - Bitcoin - INFO - Node=3 - Starting Transaction Creator , dotxn number = 0.24742738084730975 Node.txnFlag True Node.txnNodes : [4, 2]
2026-01-06 19:10:54,857 - Bitcoin - INFO - Node=0 - Starting another iteration of while loop
2026-01-06 19:10:54,857 - Bitcoin - INFO - Node=0 - Starting Transaction Creator , dotxn number = 0.390643809877257 Node.txnFlag True Node.txnNodes : [4, 2]
2026-01-06 19:10:54,864 - Bitcoin - INFO - Node=4 - Starting another iteration of while loop
2026-01-06 19:10:54,864 - Bitcoin - INFO - Node=4 - Starting Transaction Creator , dotxn number = 0.360984171238687 Node.txnFlag True Node.txnNodes : [4, 2]
2026-01-06 19:10:54,891 - Bitcoin - INFO - Node=2 - Starting another iteration of while loop
2026-01-06 19:10:54,892 - Bitcoin - INFO - Node=2 - Starting Transaction Creator , dotxn number = 0.8939119585322485 Node.txnFlag True Node.txnNodes : [4, 2]
2026-01-06 19:10:55,857 - Bitcoin - INFO - Node=1 - Starting another iteration of while loop
2026-01-06 19:10:55,857 - Bitcoin - INFO - Node=0 - Starting another iteration of while loop
2026-01-06 19:10:55,857 - Bitcoin - INFO - Node=3 - Starting another iteration of while loop
2026-01-06 19:10:55,858 - Bitcoin - INFO - Node=1 - Starting Transaction Creator , dotxn number = 0.9601201148720994 Node.txnFlag True Node.txnNodes : [4, 2]
2026-01-06 19:10:55,858 - Bitcoin - INFO - Node=0 - Starting Transaction Creator , dotxn number = 0.6855278922681362 Node.txnFlag True Node.txnNodes : [4, 2]
2026-01-06 19:10:55,858 - Bitcoin - INFO - Node=3 - Starting Transaction Creator , dotxn number = 0.7865195988669095 Node.txnFlag True Node.txnNodes : [4, 2]
2026-01-06 19:10:55,869 - Bitcoin - INFO - Node=4 - Starting another iteration of while loop
2026-01-06 19:10:55,869 - Bitcoin - INFO - Node=4 - Starting Transaction Creator , dotxn number = 0.08023530931170497 Node.txnFlag True Node.txnNodes : [4, 2]
2026-01-06 19:10:55,897 - Bitcoin - INFO - Node=2 - Starting another iteration of while loop
2026-01-06 19:10:55,897 - Bitcoin - INFO - Node=2 - Starting Transaction Creator , dotxn number = 0.4663105244660738 Node.txnFlag True Node.txnNodes : [4, 2]
2026-01-06 19:10:56,859 - Bitcoin - INFO - Node=1 - Starting another iteration of while loop
2026-01-06 19:10:56,859 - Bitcoin - INFO - Node=1 - Starting Transaction Creator , dotxn number = 0.06034338193989619 Node.txnFlag True Node.txnNodes : [4, 2]
2026-01-06 19:10:56,859 - Bitcoin - INFO - Node=1 - Inside the create random transaction block
2026-01-06 19:10:56,859 - Bitcoin - INFO - Node=1 - Sender Hashes and Previous Txn List processing over
2026-01-06 19:10:56,859 - Bitcoin - INFO - Node=1 - Get random wallet called : random wallet selected 2 . 0
2026-01-06 19:10:56,859 - Bitcoin - INFO - Node=1 - Line 372 , getRandomWalletPublicKeyHash()
2026-01-06 19:10:56,859 - Bitcoin - INFO - Node=1 - Receiver Node Selected 2 . 0
2026-01-06 19:10:56,859 - Bitcoin - INFO - Node=1 - Transaction creation instantiated 
2026-01-06 19:10:56,859 - Bitcoin - INFO - Node=1 - Sender doesn't have enough balance , invalid transaction
2026-01-06 19:10:56,859 - Bitcoin - INFO - Node=1 - Validate Transaction, -1
2026-01-06 19:10:56,860 - Bitcoin - INFO - Node=1 - Sender balance after validating the transaction-1
2026-01-06 19:10:56,860 - Bitcoin - INFO - Node=1 - New Transaction Created <NodeRun.TransactionHandling.Transaction.Transaction object at 0x110143640>
2026-01-06 19:10:56,860 - Bitcoin - INFO - Node=1 - processTransaction : Txn Validity Check False
2026-01-06 19:10:56,860 - Bitcoin - INFO - Node=1 - processTransaction : Txn Validity Check False
2026-01-06 19:10:56,860 - Bitcoin - INFO - Node=1 - processTransaction : Txn Validity Check False
2026-01-06 19:10:56,860 - Bitcoin - INFO - Node=1 - processTransaction : Txn Validity Check False
2026-01-06 19:10:56,860 - Bitcoin - INFO - Node=1 - processTransaction : Txn Validity Check False
2026-01-06 19:10:56,862 - Bitcoin - INFO - Node=0 - Starting another iteration of while loop
2026-01-06 19:10:56,862 - Bitcoin - INFO - Node=0 - Starting Transaction Creator , dotxn number = 0.45200495870179713 Node.txnFlag True Node.txnNodes : [4, 2]
2026-01-06 19:10:56,863 - Bitcoin - INFO - Node=3 - Starting another iteration of while loop
2026-01-06 19:10:56,863 - Bitcoin - INFO - Node=3 - Starting Transaction Creator , dotxn number = 0.763698629343096 Node.txnFlag True Node.txnNodes : [4, 2]
2026-01-06 19:10:56,874 - Bitcoin - INFO - Node=4 - Starting another iteration of while loop
2026-01-06 19:10:56,874 - Bitcoin - INFO - Node=4 - Starting Transaction Creator , dotxn number = 0.05184008927171646 Node.txnFlag True Node.txnNodes : [4, 2]
2026-01-06 19:10:56,901 - Bitcoin - INFO - Node=2 - Starting another iteration of while loop
2026-01-06 19:10:56,901 - Bitcoin - INFO - Node=2 - Starting Transaction Creator , dotxn number = 0.9258954679723695 Node.txnFlag True Node.txnNodes : [4, 2]
2026-01-06 19:10:57,865 - Bitcoin - INFO - Node=1 - Starting another iteration of while loop
2026-01-06 19:10:57,865 - Bitcoin - INFO - Node=3 - Starting another iteration of while loop
2026-01-06 19:10:57,865 - Bitcoin - INFO - Node=1 - Starting Transaction Creator , dotxn number = 0.2273804358266831 Node.txnFlag True Node.txnNodes : [4, 2]
2026-01-06 19:10:57,865 - Bitcoin - INFO - Node=3 - Starting Transaction Creator , dotxn number = 0.31141036537219646 Node.txnFlag True Node.txnNodes : [4, 2]
2026-01-06 19:10:57,867 - Bitcoin - INFO - Node=0 - Starting another iteration of while loop
2026-01-06 19:10:57,867 - Bitcoin - INFO - Node=0 - Starting Transaction Creator , dotxn number = 0.6962730430410862 Node.txnFlag True Node.txnNodes : [4, 2]
2026-01-06 19:10:57,879 - Bitcoin - INFO - Node=4 - Starting another iteration of while loop
2026-01-06 19:10:57,879 - Bitcoin - INFO - Node=4 - Starting Transaction Creator , dotxn number = 0.6103961546397149 Node.txnFlag True Node.txnNodes : [4, 2]
2026-01-06 19:10:57,906 - Bitcoin - INFO - Node=2 - Starting another iteration of while loop
2026-01-06 19:10:57,906 - Bitcoin - INFO - Node=2 - Starting Transaction Creator , dotxn number = 0.6381926160894269 Node.txnFlag True Node.txnNodes : [4, 2]
2026-01-06 19:10:58,868 - Bitcoin - INFO - Node=1 - Starting another iteration of while loop
2026-01-06 19:10:58,868 - Bitcoin - INFO - Node=1 - Starting Transaction Creator , dotxn number = 0.9024378457742424 Node.txnFlag True Node.txnNodes : [4, 2]
2026-01-06 19:10:58,870 - Bitcoin - INFO - Node=3 - Starting another iteration of while loop
2026-01-06 19:10:58,870 - Bitcoin - INFO - Node=0 - Starting another iteration of while loop
2026-01-06 19:10:58,871 - Bitcoin - INFO - Node=3 - Starting Transaction Creator , dotxn number = 0.30101861200547386 Node.txnFlag True Node.txnNodes : [4, 2]
2026-01-06 19:10:58,871 - Bitcoin - INFO - Node=0 - Starting Transaction Creator , dotxn number = 0.47438663423417193 Node.txnFlag True Node.txnNodes : [4, 2]
2026-01-06 19:10:58,884 - Bitcoin - INFO - Node=4 - Starting another iteration of while loop
2026-01-06 19:10:58,885 - Bitcoin - INFO - Node=4 - Starting Transaction Creator , dotxn number = 0.670441873823261 Node.txnFlag True Node.txnNodes : [4, 2]
2026-01-06 19:10:58,911 - Bitcoin - INFO - Node=2 - Starting another iteration of while loop
2026-01-06 19:10:58,912 - Bitcoin - INFO - Node=2 - Starting Transaction Creator , dotxn number = 0.584095646775955 Node.txnFlag True Node.txnNodes : [4, 2]
2026-01-06 19:10:59,868 - Bitcoin - INFO - Node=1 - Starting another iteration of while loop
2026-01-06 19:10:59,868 - Bitcoin - INFO - Node=1 - Starting Transaction Creator , dotxn number = 0.10575981288287317 Node.txnFlag True Node.txnNodes : [4, 2]
2026-01-06 19:10:59,868 - Bitcoin - INFO - Node=1 - Inside the create random transaction block
2026-01-06 19:10:59,869 - Bitcoin - INFO - Node=1 - Sender Hashes and Previous Txn List processing over
2026-01-06 19:10:59,869 - Bitcoin - INFO - Node=1 - Get random wallet called : random wallet selected 3 . 1
2026-01-06 19:10:59,869 - Bitcoin - INFO - Node=1 - Line 372 , getRandomWalletPublicKeyHash()
2026-01-06 19:10:59,869 - Bitcoin - INFO - Node=1 - Receiver Node Selected 3 . 1
2026-01-06 19:10:59,869 - Bitcoin - INFO - Node=1 - Transaction creation instantiated 
2026-01-06 19:10:59,869 - Bitcoin - INFO - Node=1 - Sender doesn't have enough balance , invalid transaction
2026-01-06 19:10:59,869 - Bitcoin - INFO - Node=1 - Validate Transaction, -1
2026-01-06 19:10:59,869 - Bitcoin - INFO - Node=1 - Sender balance after validating the transaction-1
2026-01-06 19:10:59,869 - Bitcoin - INFO - Node=1 - New Transaction Created <NodeRun.TransactionHandling.Transaction.Transaction object at 0x110143e20>
2026-01-06 19:10:59,869 - Bitcoin - INFO - Node=1 - processTransaction : Txn Validity Check False
2026-01-06 19:10:59,869 - Bitcoin - INFO - Node=1 - processTransaction : Txn Validity Check False
2026-01-06 19:10:59,869 - Bitcoin - INFO - Node=1 - processTransaction : Txn Validity Check False
2026-01-06 19:10:59,869 - Bitcoin - INFO - Node=1 - processTransaction : Txn Validity Check False
2026-01-06 19:10:59,869 - Bitcoin - INFO - Node=1 - processTransaction : Txn Validity Check False
2026-01-06 19:10:59,872 - Bitcoin - INFO - Node=0 - Starting another iteration of while loop
2026-01-06 19:10:59,872 - Bitcoin - INFO - Node=0 - Starting Transaction Creator , dotxn number = 0.6333475632463796 Node.txnFlag True Node.txnNodes : [4, 2]
2026-01-06 19:10:59,876 - Bitcoin - INFO - Node=3 - Starting another iteration of while loop
2026-01-06 19:10:59,876 - Bitcoin - INFO - Node=3 - Starting Transaction Creator , dotxn number = 0.5040787198926154 Node.txnFlag True Node.txnNodes : [4, 2]
2026-01-06 19:10:59,890 - Bitcoin - INFO - Node=4 - Starting another iteration of while loop
2026-01-06 19:10:59,890 - Bitcoin - INFO - Node=4 - Starting Transaction Creator , dotxn number = 0.6894855229416395 Node.txnFlag True Node.txnNodes : [4, 2]
2026-01-06 19:10:59,915 - Bitcoin - INFO - Node=2 - Starting another iteration of while loop
2026-01-06 19:10:59,915 - Bitcoin - INFO - Node=2 - Starting Transaction Creator , dotxn number = 0.3402902028786854 Node.txnFlag True Node.txnNodes : [4, 2]
2026-01-06 19:11:00,871 - Bitcoin - INFO - Node=1 - Starting another iteration of while loop
2026-01-06 19:11:00,871 - Bitcoin - INFO - Node=1 - Starting Transaction Creator , dotxn number = 0.7524080995224207 Node.txnFlag True Node.txnNodes : [4, 2]
2026-01-06 19:11:00,877 - Bitcoin - INFO - Node=0 - Starting another iteration of while loop
2026-01-06 19:11:00,877 - Bitcoin - INFO - Node=0 - Starting Transaction Creator , dotxn number = 0.4395398667658562 Node.txnFlag True Node.txnNodes : [4, 2]
2026-01-06 19:11:00,877 - Bitcoin - INFO - Node=3 - Starting another iteration of while loop
2026-01-06 19:11:00,877 - Bitcoin - INFO - Node=3 - Starting Transaction Creator , dotxn number = 0.17006949585094755 Node.txnFlag True Node.txnNodes : [4, 2]
2026-01-06 19:11:00,877 - Bitcoin - INFO - Node=3 - Inside the create random transaction block
2026-01-06 19:11:00,878 - Bitcoin - INFO - Node=3 - Checking the UTXO Entry UTXOEntry(TxnHash = 82d2563a691b949e4e6b6b4258e3bdceebc6b87e78a3bcd6d882e0dc0bf47e23  Idx = 0)
2026-01-06 19:11:00,895 - Bitcoin - INFO - Node=4 - Starting another iteration of while loop
2026-01-06 19:11:00,895 - Bitcoin - INFO - Node=4 - Starting Transaction Creator , dotxn number = 0.7250136427951387 Node.txnFlag True Node.txnNodes : [4, 2]
2026-01-06 19:11:00,916 - Bitcoin - INFO - Node=3 - Checking the UTXO Entry UTXOEntry(TxnHash = 818e0243e6def069261fc710b09f0c83ae037455245732c990304b09564368ef  Idx = 0)
2026-01-06 19:11:00,918 - Bitcoin - INFO - Node=2 - Starting another iteration of while loop
2026-01-06 19:11:00,918 - Bitcoin - INFO - Node=2 - Starting Transaction Creator , dotxn number = 0.8262321597855595 Node.txnFlag True Node.txnNodes : [4, 2]
2026-01-06 19:11:00,934 - Bitcoin - INFO - Node=3 - Sender Hashes and Previous Txn List processing over
2026-01-06 19:11:00,934 - Bitcoin - INFO - Node=3 - Get random wallet called : random wallet selected 4 . 2
2026-01-06 19:11:00,934 - Bitcoin - INFO - Node=3 - Line 372 , getRandomWalletPublicKeyHash()
2026-01-06 19:11:00,934 - Bitcoin - INFO - Node=3 - Receiver Node Selected 4 . 2
2026-01-06 19:11:00,934 - Bitcoin - INFO - Node=3 - Transaction creation instantiated 
2026-01-06 19:11:00,934 - Bitcoin - INFO - Node=3 - Input Entry Added : InputEntry( Txn = 82d2563a691b949e4e6b6b4258e3bdceebc6b87e78a3bcd6d882e0dc0bf47e23, Index = 0)
2026-01-06 19:11:00,934 - Bitcoin - INFO - Node=3 - Input Entry Added : InputEntry( Txn = 818e0243e6def069261fc710b09f0c83ae037455245732c990304b09564368ef, Index = 0)
2026-01-06 19:11:00,935 - Bitcoin - INFO - Node=3 - Validate Transaction, 2000
2026-01-06 19:11:00,935 - Bitcoin - INFO - Node=3 - Sender balance after validating the transaction2000
2026-01-06 19:11:00,935 - Bitcoin - INFO - Node=3 - Output Entry added to Transaction : OutputEntry( Amt = 169, ReceiverHashes = ReceiverHashes(lockedTxnHash = c76d9ff4ce4ccdaa8c1c639ac037d2a063645394eab9bf9d7b909e2dc6876a41 , Receiver Pub Key Hash = c76d9ff4ce4ccdaa8c1c639ac037d2a063645394eab9bf9d7b909e2dc6876a41) )
2026-01-06 19:11:00,935 - Bitcoin - INFO - Node=3 - Output Entry added to Transaction : OutputEntry( Amt = 831, ReceiverHashes = ReceiverHashes(lockedTxnHash = e94b398cf5c572784cf85ca93d23746aa19bbe22c5e657d629bf43ce9fc1c9c9 , Receiver Pub Key Hash = e94b398cf5c572784cf85ca93d23746aa19bbe22c5e657d629bf43ce9fc1c9c9) )
2026-01-06 19:11:00,935 - Bitcoin - INFO - Node=3 - Output Entry added to Transaction : OutputEntry( Amt = 1000, ReceiverHashes = ReceiverHashes(lockedTxnHash = c2acfa11cee24b857d6029eb2692ee36b76f0729e9b9ab93da932531989bb358 , Receiver Pub Key Hash = c2acfa11cee24b857d6029eb2692ee36b76f0729e9b9ab93da932531989bb358) )
2026-01-06 19:11:00,935 - Bitcoin - INFO - Node=3 - New Transaction Created <NodeRun.TransactionHandling.Transaction.Transaction object at 0x110143b80>
2026-01-06 19:11:00,935 - Bitcoin - INFO - Node=3 - processTransaction : Txn Validity Check True
2026-01-06 19:11:00,935 - Bitcoin - INFO - Node=3 - processTransaction : Txn Validity Check True
2026-01-06 19:11:00,935 - Bitcoin - INFO - Node=3 - processTransaction : Txn Validity Check True
2026-01-06 19:11:00,935 - Bitcoin - INFO - Node=3 - processTransaction : Txn Validity Check True
2026-01-06 19:11:00,935 - Bitcoin - INFO - Node=3 - processTransaction : Txn Validity Check True
2026-01-06 19:11:01,876 - Bitcoin - INFO - Node=1 - Starting another iteration of while loop
2026-01-06 19:11:01,876 - Bitcoin - INFO - Node=1 - Starting Transaction Creator , dotxn number = 0.9585592090117218 Node.txnFlag True Node.txnNodes : [4, 2, 3]
2026-01-06 19:11:01,882 - Bitcoin - INFO - Node=0 - Starting another iteration of while loop
2026-01-06 19:11:01,883 - Bitcoin - INFO - Node=0 - Starting Transaction Creator , dotxn number = 0.6347470502525544 Node.txnFlag True Node.txnNodes : [4, 2, 3]
2026-01-06 19:11:01,898 - Bitcoin - INFO - Node=4 - Starting another iteration of while loop
2026-01-06 19:11:01,898 - Bitcoin - INFO - Node=4 - Starting Transaction Creator , dotxn number = 0.7297134509932899 Node.txnFlag True Node.txnNodes : [4, 2, 3]
2026-01-06 19:11:01,923 - Bitcoin - INFO - Node=2 - Starting another iteration of while loop
2026-01-06 19:11:01,924 - Bitcoin - INFO - Node=2 - Starting Transaction Creator , dotxn number = 0.8488190803790171 Node.txnFlag True Node.txnNodes : [4, 2, 3]
2026-01-06 19:11:01,940 - Bitcoin - INFO - Node=3 - Starting another iteration of while loop
2026-01-06 19:11:01,940 - Bitcoin - INFO - Node=3 - Starting Transaction Creator , dotxn number = 0.5198224638198443 Node.txnFlag True Node.txnNodes : [4, 2, 3]
2026-01-06 19:11:02,882 - Bitcoin - INFO - Node=1 - Starting another iteration of while loop
2026-01-06 19:11:02,882 - Bitcoin - INFO - Node=1 - Starting Transaction Creator , dotxn number = 0.8559413730083278 Node.txnFlag True Node.txnNodes : [4, 2, 3]
2026-01-06 19:11:02,888 - Bitcoin - INFO - Node=0 - Starting another iteration of while loop
2026-01-06 19:11:02,888 - Bitcoin - INFO - Node=0 - Starting Transaction Creator , dotxn number = 0.9547101211661373 Node.txnFlag True Node.txnNodes : [4, 2, 3]
2026-01-06 19:11:02,903 - Bitcoin - INFO - Node=4 - Starting another iteration of while loop
2026-01-06 19:11:02,903 - Bitcoin - INFO - Node=4 - Starting Transaction Creator , dotxn number = 0.6970051783977702 Node.txnFlag True Node.txnNodes : [4, 2, 3]
2026-01-06 19:11:02,928 - Bitcoin - INFO - Node=2 - Starting another iteration of while loop
2026-01-06 19:11:02,928 - Bitcoin - INFO - Node=2 - Starting Transaction Creator , dotxn number = 0.5064259788836604 Node.txnFlag True Node.txnNodes : [4, 2, 3]
2026-01-06 19:11:02,945 - Bitcoin - INFO - Node=3 - Starting another iteration of while loop
2026-01-06 19:11:02,946 - Bitcoin - INFO - Node=3 - Starting Transaction Creator , dotxn number = 0.9514243683526526 Node.txnFlag True Node.txnNodes : [4, 2, 3]
2026-01-06 19:11:03,887 - Bitcoin - INFO - Node=1 - Starting another iteration of while loop
2026-01-06 19:11:03,887 - Bitcoin - INFO - Node=1 - Starting Transaction Creator , dotxn number = 0.033469317836487544 Node.txnFlag True Node.txnNodes : [4, 2, 3]
2026-01-06 19:11:03,887 - Bitcoin - INFO - Node=1 - Inside the create random transaction block
2026-01-06 19:11:03,888 - Bitcoin - INFO - Node=1 - Sender Hashes and Previous Txn List processing over
2026-01-06 19:11:03,888 - Bitcoin - INFO - Node=1 - Get random wallet called : random wallet selected 4 . 2
2026-01-06 19:11:03,888 - Bitcoin - INFO - Node=1 - Line 372 , getRandomWalletPublicKeyHash()
2026-01-06 19:11:03,888 - Bitcoin - INFO - Node=1 - Receiver Node Selected 4 . 2
2026-01-06 19:11:03,888 - Bitcoin - INFO - Node=1 - Transaction creation instantiated 
2026-01-06 19:11:03,888 - Bitcoin - INFO - Node=1 - Sender doesn't have enough balance , invalid transaction
2026-01-06 19:11:03,888 - Bitcoin - INFO - Node=1 - Validate Transaction, -1
2026-01-06 19:11:03,888 - Bitcoin - INFO - Node=1 - Sender balance after validating the transaction-1
2026-01-06 19:11:03,888 - Bitcoin - INFO - Node=1 - New Transaction Created <NodeRun.TransactionHandling.Transaction.Transaction object at 0x110143f70>
2026-01-06 19:11:03,888 - Bitcoin - INFO - Node=1 - processTransaction : Txn Validity Check False
2026-01-06 19:11:03,888 - Bitcoin - INFO - Node=1 - processTransaction : Txn Validity Check False
2026-01-06 19:11:03,888 - Bitcoin - INFO - Node=1 - processTransaction : Txn Validity Check False
2026-01-06 19:11:03,888 - Bitcoin - INFO - Node=1 - processTransaction : Txn Validity Check False
2026-01-06 19:11:03,888 - Bitcoin - INFO - Node=1 - processTransaction : Txn Validity Check False
2026-01-06 19:11:03,893 - Bitcoin - INFO - Node=0 - Starting another iteration of while loop
2026-01-06 19:11:03,893 - Bitcoin - INFO - Node=0 - Starting Transaction Creator , dotxn number = 0.9778916077471932 Node.txnFlag True Node.txnNodes : [4, 2, 3]
2026-01-06 19:11:03,908 - Bitcoin - INFO - Node=4 - Starting another iteration of while loop
2026-01-06 19:11:03,908 - Bitcoin - INFO - Node=4 - Starting Transaction Creator , dotxn number = 0.2837652168290299 Node.txnFlag True Node.txnNodes : [4, 2, 3]
2026-01-06 19:11:03,930 - Bitcoin - INFO - Node=2 - Starting another iteration of while loop
2026-01-06 19:11:03,930 - Bitcoin - INFO - Node=2 - Starting Transaction Creator , dotxn number = 0.8823842846318791 Node.txnFlag True Node.txnNodes : [4, 2, 3]
2026-01-06 19:11:03,951 - Bitcoin - INFO - Node=3 - Starting another iteration of while loop
2026-01-06 19:11:03,951 - Bitcoin - INFO - Node=3 - Starting Transaction Creator , dotxn number = 0.3760054183694045 Node.txnFlag True Node.txnNodes : [4, 2, 3]
2026-01-06 19:11:04,893 - Bitcoin - INFO - Node=1 - Starting another iteration of while loop
2026-01-06 19:11:04,893 - Bitcoin - INFO - Node=1 - Starting Transaction Creator , dotxn number = 0.15445314911779728 Node.txnFlag True Node.txnNodes : [4, 2, 3]
2026-01-06 19:11:04,893 - Bitcoin - INFO - Node=1 - Inside the create random transaction block
2026-01-06 19:11:04,894 - Bitcoin - INFO - Node=1 - Sender Hashes and Previous Txn List processing over
2026-01-06 19:11:04,894 - Bitcoin - INFO - Node=1 - Get random wallet called : random wallet selected 0 . 2
2026-01-06 19:11:04,894 - Bitcoin - INFO - Node=1 - Line 372 , getRandomWalletPublicKeyHash()
2026-01-06 19:11:04,894 - Bitcoin - INFO - Node=1 - Receiver Node Selected 0 . 2
2026-01-06 19:11:04,894 - Bitcoin - INFO - Node=1 - Transaction creation instantiated 
2026-01-06 19:11:04,894 - Bitcoin - INFO - Node=1 - Sender doesn't have enough balance , invalid transaction
2026-01-06 19:11:04,894 - Bitcoin - INFO - Node=1 - Validate Transaction, -1
2026-01-06 19:11:04,894 - Bitcoin - INFO - Node=1 - Sender balance after validating the transaction-1
2026-01-06 19:11:04,894 - Bitcoin - INFO - Node=1 - New Transaction Created <NodeRun.TransactionHandling.Transaction.Transaction object at 0x110143e20>
2026-01-06 19:11:04,894 - Bitcoin - INFO - Node=1 - processTransaction : Txn Validity Check False
2026-01-06 19:11:04,894 - Bitcoin - INFO - Node=1 - processTransaction : Txn Validity Check False
2026-01-06 19:11:04,895 - Bitcoin - INFO - Node=1 - processTransaction : Txn Validity Check False
2026-01-06 19:11:04,895 - Bitcoin - INFO - Node=1 - processTransaction : Txn Validity Check False
2026-01-06 19:11:04,895 - Bitcoin - INFO - Node=1 - processTransaction : Txn Validity Check False
2026-01-06 19:11:04,898 - Bitcoin - INFO - Node=0 - Starting another iteration of while loop
2026-01-06 19:11:04,898 - Bitcoin - INFO - Node=0 - Starting Transaction Creator , dotxn number = 0.15695233883340542 Node.txnFlag True Node.txnNodes : [4, 2, 3]
2026-01-06 19:11:04,898 - Bitcoin - INFO - Node=0 - Inside the create random transaction block
2026-01-06 19:11:04,898 - Bitcoin - INFO - Node=0 - Checking the UTXO Entry UTXOEntry(TxnHash = 98d1729566c451ace344500b41b3f64089b38974053abb5a7042d93479fc59f4  Idx = 0)
2026-01-06 19:11:04,913 - Bitcoin - INFO - Node=4 - Starting another iteration of while loop
2026-01-06 19:11:04,913 - Bitcoin - INFO - Node=4 - Starting Transaction Creator , dotxn number = 0.3265684803913932 Node.txnFlag True Node.txnNodes : [4, 2, 3]
2026-01-06 19:11:04,935 - Bitcoin - INFO - Node=2 - Starting another iteration of while loop
2026-01-06 19:11:04,935 - Bitcoin - INFO - Node=2 - Starting Transaction Creator , dotxn number = 0.951166154057868 Node.txnFlag True Node.txnNodes : [4, 2, 3]
2026-01-06 19:11:04,936 - Bitcoin - INFO - Node=0 - Sender Hashes and Previous Txn List processing over
2026-01-06 19:11:04,936 - Bitcoin - INFO - Node=0 - Get random wallet called : random wallet selected 1 . 2
2026-01-06 19:11:04,936 - Bitcoin - INFO - Node=0 - Line 372 , getRandomWalletPublicKeyHash()
2026-01-06 19:11:04,936 - Bitcoin - INFO - Node=0 - Receiver Node Selected 1 . 2
2026-01-06 19:11:04,936 - Bitcoin - INFO - Node=0 - Transaction creation instantiated 
2026-01-06 19:11:04,936 - Bitcoin - INFO - Node=0 - Input Entry Added : InputEntry( Txn = 98d1729566c451ace344500b41b3f64089b38974053abb5a7042d93479fc59f4, Index = 0)
2026-01-06 19:11:04,936 - Bitcoin - INFO - Node=0 - Validate Transaction, 1000
2026-01-06 19:11:04,936 - Bitcoin - INFO - Node=0 - Sender balance after validating the transaction1000
2026-01-06 19:11:04,937 - Bitcoin - INFO - Node=0 - Output Entry added to Transaction : OutputEntry( Amt = 129, ReceiverHashes = ReceiverHashes(lockedTxnHash = 5e2a083b52b343980ee1560f8007f026528f9e53f38872171ac0ff1b6134be1f , Receiver Pub Key Hash = 5e2a083b52b343980ee1560f8007f026528f9e53f38872171ac0ff1b6134be1f) )
2026-01-06 19:11:04,937 - Bitcoin - INFO - Node=0 - Output Entry added to Transaction : OutputEntry( Amt = 871, ReceiverHashes = ReceiverHashes(lockedTxnHash = 04ace925d83228809544571ce9229379f04fc2cbc7f19fa2eda0ccd694216b8d , Receiver Pub Key Hash = 04ace925d83228809544571ce9229379f04fc2cbc7f19fa2eda0ccd694216b8d) )
2026-01-06 19:11:04,937 - Bitcoin - INFO - Node=0 - New Transaction Created <NodeRun.TransactionHandling.Transaction.Transaction object at 0x110143f70>
2026-01-06 19:11:04,937 - Bitcoin - INFO - Node=0 - processTransaction : Txn Validity Check True
2026-01-06 19:11:04,937 - Bitcoin - INFO - Node=0 - processTransaction : Txn Validity Check True
2026-01-06 19:11:04,937 - Bitcoin - INFO - Node=0 - processTransaction : Txn Validity Check True
2026-01-06 19:11:04,937 - Bitcoin - INFO - Node=0 - processTransaction : Txn Validity Check True
2026-01-06 19:11:04,937 - Bitcoin - INFO - Node=0 - processTransaction : Txn Validity Check True
2026-01-06 19:11:04,956 - Bitcoin - INFO - Node=3 - Starting another iteration of while loop
2026-01-06 19:11:04,956 - Bitcoin - INFO - Node=3 - Starting Transaction Creator , dotxn number = 0.9235798152316209 Node.txnFlag True Node.txnNodes : [4, 2, 3, 0]
2026-01-06 19:11:05,899 - Bitcoin - INFO - Node=1 - Starting another iteration of while loop
2026-01-06 19:11:05,899 - Bitcoin - INFO - Node=1 - Starting Transaction Creator , dotxn number = 0.11454947856870656 Node.txnFlag True Node.txnNodes : [4, 2, 3, 0]
2026-01-06 19:11:05,899 - Bitcoin - INFO - Node=1 - Inside the create random transaction block
2026-01-06 19:11:05,900 - Bitcoin - INFO - Node=1 - Sender Hashes and Previous Txn List processing over
2026-01-06 19:11:05,900 - Bitcoin - INFO - Node=1 - Get random wallet called : random wallet selected 4 . 2
2026-01-06 19:11:05,900 - Bitcoin - INFO - Node=1 - Line 372 , getRandomWalletPublicKeyHash()
2026-01-06 19:11:05,900 - Bitcoin - INFO - Node=1 - Receiver Node Selected 4 . 2
2026-01-06 19:11:05,900 - Bitcoin - INFO - Node=1 - Transaction creation instantiated 
2026-01-06 19:11:05,900 - Bitcoin - INFO - Node=1 - Sender doesn't have enough balance , invalid transaction
2026-01-06 19:11:05,900 - Bitcoin - INFO - Node=1 - Validate Transaction, -1
2026-01-06 19:11:05,900 - Bitcoin - INFO - Node=1 - Sender balance after validating the transaction-1
2026-01-06 19:11:05,900 - Bitcoin - INFO - Node=1 - New Transaction Created <NodeRun.TransactionHandling.Transaction.Transaction object at 0x110143b20>
2026-01-06 19:11:05,900 - Bitcoin - INFO - Node=1 - processTransaction : Txn Validity Check False
2026-01-06 19:11:05,900 - Bitcoin - INFO - Node=1 - processTransaction : Txn Validity Check False
2026-01-06 19:11:05,900 - Bitcoin - INFO - Node=1 - processTransaction : Txn Validity Check False
2026-01-06 19:11:05,900 - Bitcoin - INFO - Node=1 - processTransaction : Txn Validity Check False
2026-01-06 19:11:05,900 - Bitcoin - INFO - Node=1 - processTransaction : Txn Validity Check False
2026-01-06 19:11:05,914 - Bitcoin - INFO - Node=4 - Starting another iteration of while loop
2026-01-06 19:11:05,915 - Bitcoin - INFO - Node=4 - Starting Transaction Creator , dotxn number = 0.5853328666095796 Node.txnFlag True Node.txnNodes : [4, 2, 3, 0]
2026-01-06 19:11:05,939 - Bitcoin - INFO - Node=0 - Starting another iteration of while loop
2026-01-06 19:11:05,939 - Bitcoin - INFO - Node=0 - Starting Transaction Creator , dotxn number = 0.9118557544127676 Node.txnFlag True Node.txnNodes : [4, 2, 3, 0]
2026-01-06 19:11:05,940 - Bitcoin - INFO - Node=2 - Starting another iteration of while loop
2026-01-06 19:11:05,940 - Bitcoin - INFO - Node=2 - Starting Transaction Creator , dotxn number = 0.15540160659476387 Node.txnFlag True Node.txnNodes : [4, 2, 3, 0]
2026-01-06 19:11:05,961 - Bitcoin - INFO - Node=3 - Starting another iteration of while loop
2026-01-06 19:11:05,961 - Bitcoin - INFO - Node=3 - Starting Transaction Creator , dotxn number = 0.5356896424470432 Node.txnFlag True Node.txnNodes : [4, 2, 3, 0]
2026-01-06 19:11:06,905 - Bitcoin - INFO - Node=1 - Starting another iteration of while loop
2026-01-06 19:11:06,905 - Bitcoin - INFO - Node=1 - createBlock: Block creation successful
2026-01-06 19:11:06,905 - Bitcoin - INFO - Node=1 - Block Creation Completed Block( BlockHash = 7be94f0a514815bd0fa55a370f968e063eae954b65ddcb5027972f39d3f494fa NoOfTxn = 4 BlockSize = 3605)
2026-01-06 19:11:06,905 - Bitcoin - INFO - Node=1 - Proof of work completed True
2026-01-06 19:11:06,905 - Bitcoin - INFO - Node=1 - Inside POW block
2026-01-06 19:11:06,905 - Bitcoin - INFO - Node=1 - ********Before Performing the Transaction final state of the Nodes*********
2026-01-06 19:11:06,905 - Bitcoin - INFO - Node=1 - printUTXO: Printing the local UTXO state, this is basically
2026-01-06 19:11:06,906 - Bitcoin - INFO - Node=1 - 
+---------+----------+----------+----------+----------+----------+
| Node ID | Wallet 0 | Wallet 1 | Wallet 2 | Wallet 3 | Wallet 4 |
+---------+----------+----------+----------+----------+----------+
|    0    |    0     |    0     |    0     |   1000   |    0     |
|    1    |    0     |    0     |    0     |    0     |    0     |
|    2    |    0     |   1000   |    0     |    0     |    0     |
|    3    |    0     |    0     |   1000   |   1000   |    0     |
|    4    |    0     |    0     |    0     |   1000   |    0     |
+---------+----------+----------+----------+----------+----------+
2026-01-06 19:11:06,906 - Bitcoin - INFO - Node=1 - ********************************************************************************
2026-01-06 19:11:06,906 - Bitcoin - INFO - Node=1 - *********************** Transactions Performed **************************
2026-01-06 19:11:06,906 - Bitcoin - INFO - Node=1 - +---------+-----------+---------+-------+
| Sender  | Receiver  | Amount  | Valid |
+---------+-----------+---------+-------+
|    4    |   1 . 0   |    83   |  True |
|    1    |   0 . 0   |    49   | False |
|    2    |   4 . 1   |   157   |  True |
|    1    |   2 . 0   |   178   | False |
|    1    |   3 . 1   |    19   | False |
|    3    |   4 . 2   |   169   |  True |
|    1    |   4 . 2   |    79   | False |
|    1    |   0 . 2   |    11   | False |
|    0    |   1 . 2   |   129   |  True |
|    1    |   4 . 2   |    40   | False |
+---------+-----------+---------+-------+
2026-01-06 19:11:06,906 - Bitcoin - INFO - Node=1 - ********************************************************************************
2026-01-06 19:11:06,906 - Bitcoin - INFO - Node=1 - Block processing completed: Transactions have been added to local UTXO
2026-01-06 19:11:06,906 - Bitcoin - INFO - Node=1 - Block processing completed: Transactions have been added to local UTXO
2026-01-06 19:11:06,906 - Bitcoin - INFO - Node=1 - Block processing completed: Transactions have been added to local UTXO
2026-01-06 19:11:06,906 - Bitcoin - INFO - Node=1 - Block processing completed: Transactions have been added to local UTXO
2026-01-06 19:11:06,906 - Bitcoin - INFO - Node=1 - Block processing completed: Transactions have been added to local UTXO
2026-01-06 19:11:06,906 - Bitcoin - INFO - Node=1 - Completed the processBlock for all the nodes
2026-01-06 19:11:06,906 - Bitcoin - INFO - Node=1 - ********After Performing the Transaction final state of the Nodes*********
2026-01-06 19:11:06,906 - Bitcoin - INFO - Node=1 - printUTXO: Printing the local UTXO state, this is basically
2026-01-06 19:11:06,907 - Bitcoin - INFO - Node=1 - 
+---------+----------+----------+----------+----------+----------+
| Node ID | Wallet 0 | Wallet 1 | Wallet 2 | Wallet 3 | Wallet 4 |
+---------+----------+----------+----------+----------+----------+
|    0    |    0     |    0     |    0     |   871    |    0     |
|    1    |    83    |    0     |   129    |    0     |    0     |
|    2    |    0     |   843    |    0     |    0     |    0     |
|    3    |    0     |    0     |   831    |   1000   |    0     |
|    4    |    0     |   157    |   169    |   917    |    0     |
+---------+----------+----------+----------+----------+----------+
2026-01-06 19:11:06,907 - Bitcoin - INFO - Node=1 - *********************** Transactions Executed **************************
2026-01-06 19:11:06,907 - Bitcoin - INFO - Node=1 - printTxn : Print the transaction with input and output enteries
2026-01-06 19:11:06,907 - Bitcoin - INFO - Node=1 - 
+----+--------+-----------+--------+
| ID | IN/OUT | Wallet ID | Amount |
+----+--------+-----------+--------+
| 0  |   IN   |   4 . 3   |  1000  |
| 0  |  OUT   |   1 . 0   |   83   |
| 0  |  OUT   |   4 . 3   |  917   |
| 1  |   IN   |   2 . 1   |  1000  |
| 1  |  OUT   |   4 . 1   |  157   |
| 1  |  OUT   |   2 . 1   |  843   |
| 2  |   IN   |   3 . 2   |  1000  |
| 2  |   IN   |   3 . 3   |  1000  |
| 2  |  OUT   |   4 . 2   |  169   |
| 2  |  OUT   |   3 . 2   |  831   |
| 2  |  OUT   |   3 . 3   |  1000  |
| 3  |   IN   |   0 . 3   |  1000  |
| 3  |  OUT   |   1 . 2   |  129   |
| 3  |  OUT   |   0 . 3   |  871   |
+----+--------+-----------+--------+
2026-01-06 19:11:06,907 - Bitcoin - INFO - Node=1 - ********************************************************************************
2026-01-06 19:11:06,907 - Bitcoin - INFO - Node=1 - Get random wallet called : random wallet selected 1 . 3
2026-01-06 19:11:06,907 - Bitcoin - INFO - Node=1 - Transaction creation instantiated 
2026-01-06 19:11:06,907 - Bitcoin - INFO - Node=1 - Output Entry added to Transaction : OutputEntry( Amt = 1, ReceiverHashes = ReceiverHashes(lockedTxnHash = 2d5c793e45380552fdbf652afd12429ad9869c5abb4697e4ae37344ac0048576 , Receiver Pub Key Hash = 2d5c793e45380552fdbf652afd12429ad9869c5abb4697e4ae37344ac0048576) )
2026-01-06 19:11:06,907 - Bitcoin - INFO - Node=1 - Incentive Transaction Created <NodeRun.TransactionHandling.Transaction.Transaction object at 0x110140280>
2026-01-06 19:11:06,907 - Bitcoin - INFO - Node=1 - processTransaction : Txn Validity Check True
2026-01-06 19:11:06,907 - Bitcoin - INFO - Node=1 - processTransaction : Txn Validity Check True
2026-01-06 19:11:06,907 - Bitcoin - INFO - Node=1 - processTransaction : Txn Validity Check True
2026-01-06 19:11:06,907 - Bitcoin - INFO - Node=1 - processTransaction : Txn Validity Check True
2026-01-06 19:11:06,907 - Bitcoin - INFO - Node=1 - processTransaction : Txn Validity Check True
2026-01-06 19:11:06,907 - Bitcoin - INFO - Node=1 - Starting Transaction Creator , dotxn number = 0.09913914077650587 Node.txnFlag True Node.txnNodes : []
2026-01-06 19:11:06,907 - Bitcoin - INFO - Node=1 - Inside the create random transaction block
2026-01-06 19:11:06,907 - Bitcoin - INFO - Node=1 - Checking the UTXO Entry UTXOEntry(TxnHash = 44ce62f55671c02988ab4cde1d24dfaed3f4b696ff891659fdf4c3cee73bb533  Idx = 0)
2026-01-06 19:11:06,920 - Bitcoin - INFO - Node=4 - Starting another iteration of while loop
2026-01-06 19:11:06,920 - Bitcoin - INFO - Node=4 - Starting Transaction Creator , dotxn number = 0.2373236745248023 Node.txnFlag True Node.txnNodes : []
2026-01-06 19:11:06,922 - Bitcoin - INFO - Node=1 - Checking the UTXO Entry UTXOEntry(TxnHash = 5bf17234ad4f4c178ed643c0ca2ec12f989302f9b294973416bc22e700082cb4  Idx = 0)
2026-01-06 19:11:06,937 - Bitcoin - INFO - Node=1 - Sender Hashes and Previous Txn List processing over
2026-01-06 19:11:06,937 - Bitcoin - INFO - Node=1 - Get random wallet called : random wallet selected 3 . 0
2026-01-06 19:11:06,937 - Bitcoin - INFO - Node=1 - Line 372 , getRandomWalletPublicKeyHash()
2026-01-06 19:11:06,937 - Bitcoin - INFO - Node=1 - Receiver Node Selected 3 . 0
2026-01-06 19:11:06,937 - Bitcoin - INFO - Node=1 - Transaction creation instantiated 
2026-01-06 19:11:06,937 - Bitcoin - INFO - Node=1 - Input Entry Added : InputEntry( Txn = 44ce62f55671c02988ab4cde1d24dfaed3f4b696ff891659fdf4c3cee73bb533, Index = 0)
2026-01-06 19:11:06,937 - Bitcoin - INFO - Node=1 - Input Entry Added : InputEntry( Txn = 5bf17234ad4f4c178ed643c0ca2ec12f989302f9b294973416bc22e700082cb4, Index = 0)
2026-01-06 19:11:06,938 - Bitcoin - INFO - Node=1 - Validate Transaction, 212
2026-01-06 19:11:06,938 - Bitcoin - INFO - Node=1 - Sender balance after validating the transaction212
2026-01-06 19:11:06,938 - Bitcoin - INFO - Node=1 - Output Entry added to Transaction : OutputEntry( Amt = 172, ReceiverHashes = ReceiverHashes(lockedTxnHash = 783984d3faa6489184bc09f090dc3755efb0a4e2c8d9626da0e361e8f12d20ae , Receiver Pub Key Hash = 783984d3faa6489184bc09f090dc3755efb0a4e2c8d9626da0e361e8f12d20ae) )
2026-01-06 19:11:06,938 - Bitcoin - INFO - Node=1 - Output Entry added to Transaction : OutputEntry( Amt = 40, ReceiverHashes = ReceiverHashes(lockedTxnHash = 5e2a083b52b343980ee1560f8007f026528f9e53f38872171ac0ff1b6134be1f , Receiver Pub Key Hash = 5e2a083b52b343980ee1560f8007f026528f9e53f38872171ac0ff1b6134be1f) )
2026-01-06 19:11:06,938 - Bitcoin - INFO - Node=1 - New Transaction Created <NodeRun.TransactionHandling.Transaction.Transaction object at 0x110522530>
2026-01-06 19:11:06,938 - Bitcoin - INFO - Node=1 - processTransaction : Txn Validity Check True
2026-01-06 19:11:06,938 - Bitcoin - INFO - Node=1 - processTransaction : Txn Validity Check True
2026-01-06 19:11:06,938 - Bitcoin - INFO - Node=1 - processTransaction : Txn Validity Check True
2026-01-06 19:11:06,938 - Bitcoin - INFO - Node=1 - processTransaction : Txn Validity Check True
2026-01-06 19:11:06,938 - Bitcoin - INFO - Node=1 - processTransaction : Txn Validity Check True
2026-01-06 19:11:06,942 - Bitcoin - INFO - Node=0 - Starting another iteration of while loop
2026-01-06 19:11:06,942 - Bitcoin - INFO - Node=0 - Starting Transaction Creator , dotxn number = 0.39304466063368126 Node.txnFlag True Node.txnNodes : [1]
2026-01-06 19:11:06,946 - Bitcoin - INFO - Node=2 - Starting another iteration of while loop
2026-01-06 19:11:06,946 - Bitcoin - INFO - Node=2 - Starting Transaction Creator , dotxn number = 0.7368796088881269 Node.txnFlag True Node.txnNodes : [1]
2026-01-06 19:11:06,961 - Bitcoin - INFO - Node=3 - Starting another iteration of while loop
2026-01-06 19:11:06,962 - Bitcoin - INFO - Node=3 - Starting Transaction Creator , dotxn number = 0.6868929371647764 Node.txnFlag True Node.txnNodes : [1]
2026-01-06 19:11:07,923 - Bitcoin - INFO - Node=4 - Starting another iteration of while loop
2026-01-06 19:11:07,923 - Bitcoin - INFO - Node=4 - Starting Transaction Creator , dotxn number = 0.1197720729659415 Node.txnFlag True Node.txnNodes : [1]
2026-01-06 19:11:07,923 - Bitcoin - INFO - Node=4 - Inside the create random transaction block
2026-01-06 19:11:07,923 - Bitcoin - INFO - Node=4 - Checking the UTXO Entry UTXOEntry(TxnHash = b4ee47b26df40646850d3a1ddb71a182926ca5f0962c6b4165b4d80584c1bc43  Idx = 0)
2026-01-06 19:11:07,938 - Bitcoin - INFO - Node=4 - Checking the UTXO Entry UTXOEntry(TxnHash = 0eba74aaa9168524d91470a161244cf32180cc47afbdd9887a97843242fc0eef  Idx = 0)
2026-01-06 19:11:07,943 - Bitcoin - INFO - Node=0 - Starting another iteration of while loop
2026-01-06 19:11:07,943 - Bitcoin - INFO - Node=1 - Starting another iteration of while loop
2026-01-06 19:11:07,943 - Bitcoin - INFO - Node=0 - Starting Transaction Creator , dotxn number = 0.8888584375911287 Node.txnFlag True Node.txnNodes : [1]
2026-01-06 19:11:07,943 - Bitcoin - INFO - Node=1 - Starting Transaction Creator , dotxn number = 0.0336973856025683 Node.txnFlag True Node.txnNodes : [1]
2026-01-06 19:11:07,950 - Bitcoin - INFO - Node=2 - Starting another iteration of while loop
2026-01-06 19:11:07,950 - Bitcoin - INFO - Node=2 - Starting Transaction Creator , dotxn number = 0.04004245438564158 Node.txnFlag True Node.txnNodes : [1]
2026-01-06 19:11:07,950 - Bitcoin - INFO - Node=2 - Inside the create random transaction block
2026-01-06 19:11:07,950 - Bitcoin - INFO - Node=2 - Checking the UTXO Entry UTXOEntry(TxnHash = b4ee47b26df40646850d3a1ddb71a182926ca5f0962c6b4165b4d80584c1bc43  Idx = 1)
2026-01-06 19:11:07,959 - Bitcoin - INFO - Node=4 - Checking the UTXO Entry UTXOEntry(TxnHash = 44ce62f55671c02988ab4cde1d24dfaed3f4b696ff891659fdf4c3cee73bb533  Idx = 1)
2026-01-06 19:11:07,967 - Bitcoin - INFO - Node=3 - Starting another iteration of while loop
2026-01-06 19:11:07,967 - Bitcoin - INFO - Node=3 - Starting Transaction Creator , dotxn number = 0.6991820000255083 Node.txnFlag True Node.txnNodes : [1]
2026-01-06 19:11:08,005 - Bitcoin - INFO - Node=2 - Sender Hashes and Previous Txn List processing over
2026-01-06 19:11:08,005 - Bitcoin - INFO - Node=2 - Get random wallet called : random wallet selected 1 . 0
2026-01-06 19:11:08,005 - Bitcoin - INFO - Node=2 - Line 372 , getRandomWalletPublicKeyHash()
2026-01-06 19:11:08,005 - Bitcoin - INFO - Node=2 - Receiver Node Selected 1 . 0
2026-01-06 19:11:08,005 - Bitcoin - INFO - Node=2 - Transaction creation instantiated 
2026-01-06 19:11:08,005 - Bitcoin - INFO - Node=2 - Input Entry Added : InputEntry( Txn = b4ee47b26df40646850d3a1ddb71a182926ca5f0962c6b4165b4d80584c1bc43, Index = 1)
2026-01-06 19:11:08,006 - Bitcoin - INFO - Node=2 - Validate Transaction, 843
2026-01-06 19:11:08,006 - Bitcoin - INFO - Node=2 - Sender balance after validating the transaction843
2026-01-06 19:11:08,006 - Bitcoin - INFO - Node=2 - Output Entry added to Transaction : OutputEntry( Amt = 189, ReceiverHashes = ReceiverHashes(lockedTxnHash = 46464022112f4105ac451aca5e11fb64e5bb6b43e275bb47b157d709f6ecbfc2 , Receiver Pub Key Hash = 46464022112f4105ac451aca5e11fb64e5bb6b43e275bb47b157d709f6ecbfc2) )
2026-01-06 19:11:08,006 - Bitcoin - INFO - Node=2 - Output Entry added to Transaction : OutputEntry( Amt = 654, ReceiverHashes = ReceiverHashes(lockedTxnHash = dcc0b50d60f8009a1fd9d45b03dd766054f102a4da23c140f3d27e5b9572bca0 , Receiver Pub Key Hash = dcc0b50d60f8009a1fd9d45b03dd766054f102a4da23c140f3d27e5b9572bca0) )
2026-01-06 19:11:08,006 - Bitcoin - INFO - Node=2 - New Transaction Created <NodeRun.TransactionHandling.Transaction.Transaction object at 0x110143670>
2026-01-06 19:11:08,006 - Bitcoin - INFO - Node=2 - processTransaction : Txn Validity Check True
2026-01-06 19:11:08,006 - Bitcoin - INFO - Node=2 - processTransaction : Txn Validity Check True
2026-01-06 19:11:08,006 - Bitcoin - INFO - Node=2 - processTransaction : Txn Validity Check True
2026-01-06 19:11:08,006 - Bitcoin - INFO - Node=2 - processTransaction : Txn Validity Check True
2026-01-06 19:11:08,006 - Bitcoin - INFO - Node=2 - processTransaction : Txn Validity Check True
2026-01-06 19:11:08,009 - Bitcoin - INFO - Node=4 - Sender Hashes and Previous Txn List processing over
2026-01-06 19:11:08,009 - Bitcoin - INFO - Node=4 - Get random wallet called : random wallet selected 2 . 0
2026-01-06 19:11:08,009 - Bitcoin - INFO - Node=4 - Line 372 , getRandomWalletPublicKeyHash()
2026-01-06 19:11:08,009 - Bitcoin - INFO - Node=4 - Receiver Node Selected 2 . 0
2026-01-06 19:11:08,009 - Bitcoin - INFO - Node=4 - Transaction creation instantiated 
2026-01-06 19:11:08,009 - Bitcoin - INFO - Node=4 - Input Entry Added : InputEntry( Txn = b4ee47b26df40646850d3a1ddb71a182926ca5f0962c6b4165b4d80584c1bc43, Index = 0)
2026-01-06 19:11:08,009 - Bitcoin - INFO - Node=4 - Input Entry Added : InputEntry( Txn = 0eba74aaa9168524d91470a161244cf32180cc47afbdd9887a97843242fc0eef, Index = 0)
2026-01-06 19:11:08,009 - Bitcoin - INFO - Node=4 - Input Entry Added : InputEntry( Txn = 44ce62f55671c02988ab4cde1d24dfaed3f4b696ff891659fdf4c3cee73bb533, Index = 1)
2026-01-06 19:11:08,010 - Bitcoin - INFO - Node=4 - Validate Transaction, 1243
2026-01-06 19:11:08,010 - Bitcoin - INFO - Node=4 - Sender balance after validating the transaction1243
2026-01-06 19:11:08,010 - Bitcoin - INFO - Node=4 - Output Entry added to Transaction : OutputEntry( Amt = 144, ReceiverHashes = ReceiverHashes(lockedTxnHash = 7639052679aee901a5d03bcec79fad24d1efdb8f131ff692c75f3e651e9ac343 , Receiver Pub Key Hash = 7639052679aee901a5d03bcec79fad24d1efdb8f131ff692c75f3e651e9ac343) )
2026-01-06 19:11:08,010 - Bitcoin - INFO - Node=4 - Output Entry added to Transaction : OutputEntry( Amt = 13, ReceiverHashes = ReceiverHashes(lockedTxnHash = 41282cf430ea48a4c21807e6d69ac6be9ed67823a60b56f0cd90e1d8c67a54db , Receiver Pub Key Hash = 41282cf430ea48a4c21807e6d69ac6be9ed67823a60b56f0cd90e1d8c67a54db) )
2026-01-06 19:11:08,010 - Bitcoin - INFO - Node=4 - Output Entry added to Transaction : OutputEntry( Amt = 169, ReceiverHashes = ReceiverHashes(lockedTxnHash = c76d9ff4ce4ccdaa8c1c639ac037d2a063645394eab9bf9d7b909e2dc6876a41 , Receiver Pub Key Hash = c76d9ff4ce4ccdaa8c1c639ac037d2a063645394eab9bf9d7b909e2dc6876a41) )
2026-01-06 19:11:08,010 - Bitcoin - INFO - Node=4 - Output Entry added to Transaction : OutputEntry( Amt = 917, ReceiverHashes = ReceiverHashes(lockedTxnHash = 540618acbf05fd594302c417dbfb6488bdbc87303d237a946a19f9893251989e , Receiver Pub Key Hash = 540618acbf05fd594302c417dbfb6488bdbc87303d237a946a19f9893251989e) )
2026-01-06 19:11:08,010 - Bitcoin - INFO - Node=4 - New Transaction Created <NodeRun.TransactionHandling.Transaction.Transaction object at 0x110143b20>
2026-01-06 19:11:08,010 - Bitcoin - INFO - Node=4 - processTransaction : Txn Validity Check True
2026-01-06 19:11:08,010 - Bitcoin - INFO - Node=4 - processTransaction : Txn Validity Check True
2026-01-06 19:11:08,010 - Bitcoin - INFO - Node=4 - processTransaction : Txn Validity Check True
2026-01-06 19:11:08,010 - Bitcoin - INFO - Node=4 - processTransaction : Txn Validity Check True
2026-01-06 19:11:08,010 - Bitcoin - INFO - Node=4 - processTransaction : Txn Validity Check True
2026-01-06 19:11:08,947 - Bitcoin - INFO - Node=1 - Starting another iteration of while loop
2026-01-06 19:11:08,948 - Bitcoin - INFO - Node=1 - Starting Transaction Creator , dotxn number = 0.514501765511381 Node.txnFlag True Node.txnNodes : [1, 2, 4]
2026-01-06 19:11:08,948 - Bitcoin - INFO - Node=0 - Starting another iteration of while loop
2026-01-06 19:11:08,948 - Bitcoin - INFO - Node=0 - Starting Transaction Creator , dotxn number = 0.6262710777878624 Node.txnFlag True Node.txnNodes : [1, 2, 4]
2026-01-06 19:11:08,972 - Bitcoin - INFO - Node=3 - Starting another iteration of while loop
2026-01-06 19:11:08,972 - Bitcoin - INFO - Node=3 - Starting Transaction Creator , dotxn number = 0.5797298087043778 Node.txnFlag True Node.txnNodes : [1, 2, 4]
2026-01-06 19:11:09,011 - Bitcoin - INFO - Node=2 - Starting another iteration of while loop
2026-01-06 19:11:09,012 - Bitcoin - INFO - Node=2 - Starting Transaction Creator , dotxn number = 0.06890029149143895 Node.txnFlag True Node.txnNodes : [1, 2, 4]
2026-01-06 19:11:09,013 - Bitcoin - INFO - Node=4 - Starting another iteration of while loop
2026-01-06 19:11:09,013 - Bitcoin - INFO - Node=4 - Starting Transaction Creator , dotxn number = 0.7698952520008011 Node.txnFlag True Node.txnNodes : [1, 2, 4]
2026-01-06 19:11:09,949 - Bitcoin - INFO - Node=1 - Starting another iteration of while loop
2026-01-06 19:11:09,949 - Bitcoin - INFO - Node=0 - Starting another iteration of while loop
2026-01-06 19:11:09,949 - Bitcoin - INFO - Node=1 - Starting Transaction Creator , dotxn number = 0.6784217746895125 Node.txnFlag True Node.txnNodes : [1, 2, 4]
2026-01-06 19:11:09,949 - Bitcoin - INFO - Node=0 - Starting Transaction Creator , dotxn number = 0.5529929725992717 Node.txnFlag True Node.txnNodes : [1, 2, 4]
2026-01-06 19:11:09,972 - Bitcoin - INFO - Node=3 - Starting another iteration of while loop
2026-01-06 19:11:09,973 - Bitcoin - INFO - Node=3 - Starting Transaction Creator , dotxn number = 0.30959169425028266 Node.txnFlag True Node.txnNodes : [1, 2, 4]
2026-01-06 19:11:10,012 - Bitcoin - INFO - Node=2 - Starting another iteration of while loop
2026-01-06 19:11:10,012 - Bitcoin - INFO - Node=2 - Starting Transaction Creator , dotxn number = 0.23780251264735497 Node.txnFlag True Node.txnNodes : [1, 2, 4]
2026-01-06 19:11:10,018 - Bitcoin - INFO - Node=4 - Starting another iteration of while loop
2026-01-06 19:11:10,018 - Bitcoin - INFO - Node=4 - Starting Transaction Creator , dotxn number = 0.24162125574317173 Node.txnFlag True Node.txnNodes : [1, 2, 4]
2026-01-06 19:11:10,950 - Bitcoin - INFO - Node=1 - Starting another iteration of while loop
2026-01-06 19:11:10,950 - Bitcoin - INFO - Node=1 - Starting Transaction Creator , dotxn number = 0.17589147195430677 Node.txnFlag True Node.txnNodes : [1, 2, 4]
2026-01-06 19:11:10,954 - Bitcoin - INFO - Node=0 - Starting another iteration of while loop
2026-01-06 19:11:10,955 - Bitcoin - INFO - Node=0 - Starting Transaction Creator , dotxn number = 0.8628017205442164 Node.txnFlag True Node.txnNodes : [1, 2, 4]
2026-01-06 19:11:10,974 - Bitcoin - INFO - Node=3 - Starting another iteration of while loop
2026-01-06 19:11:10,974 - Bitcoin - INFO - Node=3 - Starting Transaction Creator , dotxn number = 0.32097201997266367 Node.txnFlag True Node.txnNodes : [1, 2, 4]
2026-01-06 19:11:11,017 - Bitcoin - INFO - Node=2 - Starting another iteration of while loop
2026-01-06 19:11:11,018 - Bitcoin - INFO - Node=2 - Starting Transaction Creator , dotxn number = 0.08454680917598056 Node.txnFlag True Node.txnNodes : [1, 2, 4]
2026-01-06 19:11:11,023 - Bitcoin - INFO - Node=4 - Starting another iteration of while loop
2026-01-06 19:11:11,023 - Bitcoin - INFO - Node=4 - Starting Transaction Creator , dotxn number = 0.6428602594714373 Node.txnFlag True Node.txnNodes : [1, 2, 4]
2026-01-06 19:11:11,955 - Bitcoin - INFO - Node=1 - Starting another iteration of while loop
2026-01-06 19:11:11,955 - Bitcoin - INFO - Node=1 - Starting Transaction Creator , dotxn number = 0.546688347940211 Node.txnFlag True Node.txnNodes : [1, 2, 4]
2026-01-06 19:11:11,957 - Bitcoin - INFO - Node=0 - Starting another iteration of while loop
2026-01-06 19:11:11,957 - Bitcoin - INFO - Node=0 - Starting Transaction Creator , dotxn number = 0.5249103394290309 Node.txnFlag True Node.txnNodes : [1, 2, 4]
2026-01-06 19:11:11,974 - Bitcoin - INFO - Node=3 - Starting another iteration of while loop
2026-01-06 19:11:11,975 - Bitcoin - INFO - Node=3 - Starting Transaction Creator , dotxn number = 0.8786457662165674 Node.txnFlag True Node.txnNodes : [1, 2, 4]
2026-01-06 19:11:12,020 - Bitcoin - INFO - Node=2 - Starting another iteration of while loop
2026-01-06 19:11:12,020 - Bitcoin - INFO - Node=2 - Starting Transaction Creator , dotxn number = 0.7641733576214395 Node.txnFlag True Node.txnNodes : [1, 2, 4]
2026-01-06 19:11:12,024 - Bitcoin - INFO - Node=4 - Starting another iteration of while loop
2026-01-06 19:11:12,024 - Bitcoin - INFO - Node=4 - Starting Transaction Creator , dotxn number = 0.25161907833934716 Node.txnFlag True Node.txnNodes : [1, 2, 4]
2026-01-06 19:11:12,959 - Bitcoin - INFO - Node=1 - Starting another iteration of while loop
2026-01-06 19:11:12,959 - Bitcoin - INFO - Node=0 - Starting another iteration of while loop
2026-01-06 19:11:12,959 - Bitcoin - INFO - Node=1 - Starting Transaction Creator , dotxn number = 0.666646414863763 Node.txnFlag True Node.txnNodes : [1, 2, 4]
2026-01-06 19:11:12,959 - Bitcoin - INFO - Node=0 - Starting Transaction Creator , dotxn number = 0.04957678203464255 Node.txnFlag True Node.txnNodes : [1, 2, 4]
2026-01-06 19:11:12,960 - Bitcoin - INFO - Node=0 - Inside the create random transaction block
2026-01-06 19:11:12,960 - Bitcoin - INFO - Node=0 - Checking the UTXO Entry UTXOEntry(TxnHash = 5bf17234ad4f4c178ed643c0ca2ec12f989302f9b294973416bc22e700082cb4  Idx = 1)
2026-01-06 19:11:12,980 - Bitcoin - INFO - Node=3 - Starting another iteration of while loop
2026-01-06 19:11:12,980 - Bitcoin - INFO - Node=3 - Starting Transaction Creator , dotxn number = 0.1910563105975278 Node.txnFlag True Node.txnNodes : [1, 2, 4]
2026-01-06 19:11:12,980 - Bitcoin - INFO - Node=3 - Inside the create random transaction block
2026-01-06 19:11:12,980 - Bitcoin - INFO - Node=3 - Checking the UTXO Entry UTXOEntry(TxnHash = 0eba74aaa9168524d91470a161244cf32180cc47afbdd9887a97843242fc0eef  Idx = 1)
2026-01-06 19:11:13,024 - Bitcoin - INFO - Node=0 - Sender Hashes and Previous Txn List processing over
2026-01-06 19:11:13,024 - Bitcoin - INFO - Node=0 - Get random wallet called : random wallet selected 4 . 1
2026-01-06 19:11:13,024 - Bitcoin - INFO - Node=0 - Line 372 , getRandomWalletPublicKeyHash()
2026-01-06 19:11:13,024 - Bitcoin - INFO - Node=0 - Receiver Node Selected 4 . 1
2026-01-06 19:11:13,024 - Bitcoin - INFO - Node=0 - Transaction creation instantiated 
2026-01-06 19:11:13,024 - Bitcoin - INFO - Node=0 - Input Entry Added : InputEntry( Txn = 5bf17234ad4f4c178ed643c0ca2ec12f989302f9b294973416bc22e700082cb4, Index = 1)
2026-01-06 19:11:13,025 - Bitcoin - INFO - Node=0 - Validate Transaction, 871
2026-01-06 19:11:13,025 - Bitcoin - INFO - Node=0 - Sender balance after validating the transaction871
2026-01-06 19:11:13,025 - Bitcoin - INFO - Node=0 - Output Entry added to Transaction : OutputEntry( Amt = 104, ReceiverHashes = ReceiverHashes(lockedTxnHash = 41282cf430ea48a4c21807e6d69ac6be9ed67823a60b56f0cd90e1d8c67a54db , Receiver Pub Key Hash = 41282cf430ea48a4c21807e6d69ac6be9ed67823a60b56f0cd90e1d8c67a54db) )
2026-01-06 19:11:13,025 - Bitcoin - INFO - Node=0 - Output Entry added to Transaction : OutputEntry( Amt = 767, ReceiverHashes = ReceiverHashes(lockedTxnHash = 04ace925d83228809544571ce9229379f04fc2cbc7f19fa2eda0ccd694216b8d , Receiver Pub Key Hash = 04ace925d83228809544571ce9229379f04fc2cbc7f19fa2eda0ccd694216b8d) )
2026-01-06 19:11:13,025 - Bitcoin - INFO - Node=0 - New Transaction Created <NodeRun.TransactionHandling.Transaction.Transaction object at 0x110523e20>
2026-01-06 19:11:13,025 - Bitcoin - INFO - Node=0 - processTransaction : Txn Validity Check True
2026-01-06 19:11:13,025 - Bitcoin - INFO - Node=0 - processTransaction : Txn Validity Check True
2026-01-06 19:11:13,025 - Bitcoin - INFO - Node=0 - processTransaction : Txn Validity Check True
2026-01-06 19:11:13,025 - Bitcoin - INFO - Node=0 - processTransaction : Txn Validity Check True
2026-01-06 19:11:13,025 - Bitcoin - INFO - Node=0 - processTransaction : Txn Validity Check True
2026-01-06 19:11:13,025 - Bitcoin - INFO - Node=2 - Starting another iteration of while loop
2026-01-06 19:11:13,025 - Bitcoin - INFO - Node=2 - Starting Transaction Creator , dotxn number = 0.5713591981911689 Node.txnFlag True Node.txnNodes : [1, 2, 4, 0]
2026-01-06 19:11:13,029 - Bitcoin - INFO - Node=4 - Starting another iteration of while loop
2026-01-06 19:11:13,029 - Bitcoin - INFO - Node=4 - Starting Transaction Creator , dotxn number = 0.8002021463938341 Node.txnFlag True Node.txnNodes : [1, 2, 4, 0]
2026-01-06 19:11:13,030 - Bitcoin - INFO - Node=3 - Checking the UTXO Entry UTXOEntry(TxnHash = 0eba74aaa9168524d91470a161244cf32180cc47afbdd9887a97843242fc0eef  Idx = 2)
2026-01-06 19:11:13,047 - Bitcoin - INFO - Node=3 - Sender Hashes and Previous Txn List processing over
2026-01-06 19:11:13,047 - Bitcoin - INFO - Node=3 - Get random wallet called : random wallet selected 1 . 0
2026-01-06 19:11:13,047 - Bitcoin - INFO - Node=3 - Line 372 , getRandomWalletPublicKeyHash()
2026-01-06 19:11:13,047 - Bitcoin - INFO - Node=3 - Receiver Node Selected 1 . 0
2026-01-06 19:11:13,047 - Bitcoin - INFO - Node=3 - Transaction creation instantiated 
2026-01-06 19:11:13,047 - Bitcoin - INFO - Node=3 - Input Entry Added : InputEntry( Txn = 0eba74aaa9168524d91470a161244cf32180cc47afbdd9887a97843242fc0eef, Index = 1)
2026-01-06 19:11:13,047 - Bitcoin - INFO - Node=3 - Input Entry Added : InputEntry( Txn = 0eba74aaa9168524d91470a161244cf32180cc47afbdd9887a97843242fc0eef, Index = 2)
2026-01-06 19:11:13,048 - Bitcoin - INFO - Node=3 - Validate Transaction, 1831
2026-01-06 19:11:13,048 - Bitcoin - INFO - Node=3 - Sender balance after validating the transaction1831
2026-01-06 19:11:13,048 - Bitcoin - INFO - Node=3 - Output Entry added to Transaction : OutputEntry( Amt = 53, ReceiverHashes = ReceiverHashes(lockedTxnHash = 46464022112f4105ac451aca5e11fb64e5bb6b43e275bb47b157d709f6ecbfc2 , Receiver Pub Key Hash = 46464022112f4105ac451aca5e11fb64e5bb6b43e275bb47b157d709f6ecbfc2) )
2026-01-06 19:11:13,048 - Bitcoin - INFO - Node=3 - Output Entry added to Transaction : OutputEntry( Amt = 778, ReceiverHashes = ReceiverHashes(lockedTxnHash = e94b398cf5c572784cf85ca93d23746aa19bbe22c5e657d629bf43ce9fc1c9c9 , Receiver Pub Key Hash = e94b398cf5c572784cf85ca93d23746aa19bbe22c5e657d629bf43ce9fc1c9c9) )
2026-01-06 19:11:13,048 - Bitcoin - INFO - Node=3 - Output Entry added to Transaction : OutputEntry( Amt = 1000, ReceiverHashes = ReceiverHashes(lockedTxnHash = c2acfa11cee24b857d6029eb2692ee36b76f0729e9b9ab93da932531989bb358 , Receiver Pub Key Hash = c2acfa11cee24b857d6029eb2692ee36b76f0729e9b9ab93da932531989bb358) )
2026-01-06 19:11:13,048 - Bitcoin - INFO - Node=3 - New Transaction Created <NodeRun.TransactionHandling.Transaction.Transaction object at 0x1101407c0>
2026-01-06 19:11:13,048 - Bitcoin - INFO - Node=3 - processTransaction : Txn Validity Check True
2026-01-06 19:11:13,048 - Bitcoin - INFO - Node=3 - processTransaction : Txn Validity Check True
2026-01-06 19:11:13,048 - Bitcoin - INFO - Node=3 - processTransaction : Txn Validity Check True
2026-01-06 19:11:13,048 - Bitcoin - INFO - Node=3 - processTransaction : Txn Validity Check True
2026-01-06 19:11:13,048 - Bitcoin - INFO - Node=3 - processTransaction : Txn Validity Check True
2026-01-06 19:11:13,962 - Bitcoin - INFO - Node=1 - Starting another iteration of while loop
2026-01-06 19:11:13,963 - Bitcoin - INFO - Node=1 - Starting Transaction Creator , dotxn number = 0.4819421442896322 Node.txnFlag True Node.txnNodes : [1, 2, 4, 0, 3]
2026-01-06 19:11:14,026 - Bitcoin - INFO - Node=0 - Starting another iteration of while loop
2026-01-06 19:11:14,026 - Bitcoin - INFO - Node=2 - Starting another iteration of while loop
2026-01-06 19:11:14,026 - Bitcoin - INFO - Node=0 - Starting Transaction Creator , dotxn number = 0.600398663357063 Node.txnFlag True Node.txnNodes : [1, 2, 4, 0, 3]
2026-01-06 19:11:14,027 - Bitcoin - INFO - Node=2 - Starting Transaction Creator , dotxn number = 0.27499746843431305 Node.txnFlag True Node.txnNodes : [1, 2, 4, 0, 3]
2026-01-06 19:11:14,033 - Bitcoin - INFO - Node=4 - Starting another iteration of while loop
2026-01-06 19:11:14,034 - Bitcoin - INFO - Node=4 - Starting Transaction Creator , dotxn number = 0.5972909616482975 Node.txnFlag True Node.txnNodes : [1, 2, 4, 0, 3]
2026-01-06 19:11:14,053 - Bitcoin - INFO - Node=3 - Starting another iteration of while loop
2026-01-06 19:11:14,053 - Bitcoin - INFO - Node=3 - Starting Transaction Creator , dotxn number = 0.5129521289487561 Node.txnFlag True Node.txnNodes : [1, 2, 4, 0, 3]
